
Log Entry : 11:05:06 AM Thursday, May 26, 2016
  :
  :Trying to set draggy mode to None in setCoordinates! Should do it in clear!
-------------------------------

Log Entry : 11:22:19 AM Sunday, June 26, 2016
  :
  :Trying to set draggy mode to None in setCoordinates! Should do it in clear!
-------------------------------

Log Entry : 12:56:50 PM Sunday, June 26, 2016
  :
  :Trying to set draggy mode to None in setCoordinates! Should do it in clear!
-------------------------------

Log Entry : 12:59:17 PM Sunday, June 26, 2016
  :
  :Trying to set draggy mode to None in setCoordinates! Should do it in clear!
-------------------------------

Log Entry : 12:59:21 PM Sunday, June 26, 2016
  :
  :Trying to set draggy mode to None in setCoordinates! Should do it in clear!
-------------------------------
